<?xml version="1.0" encoding="UTF-8"?>
<testng-results skipped="0" failed="1" ignored="0" total="6" passed="5">
  <reporter-output>
  </reporter-output>
  <suite name="Default suite" duration-ms="30311" started-at="2019-12-05T20:16:48 IST" finished-at="2019-12-05T20:17:18 IST">
    <groups>
    </groups>
    <test name="Default test" duration-ms="30311" started-at="2019-12-05T20:16:48 IST" finished-at="2019-12-05T20:17:18 IST">
      <class name="AppiumAutomation.AppiumAutomation.InstagramHomePageTestClass">
        <test-method status="PASS" signature="driverInitialization()[pri:0, instance:AppiumAutomation.AppiumAutomation.InstagramHomePageTestClass@1a1d6a08]" name="driverInitialization" is-config="true" duration-ms="27695" started-at="2019-12-05T20:16:20 IST" finished-at="2019-12-05T20:16:48 IST">
          <reporter-output>
          </reporter-output>
        </test-method> <!-- driverInitialization -->
        <test-method status="PASS" signature="ValidateUserLoginTest()[pri:1, instance:AppiumAutomation.AppiumAutomation.InstagramHomePageTestClass@1a1d6a08]" name="ValidateUserLoginTest" duration-ms="1466" started-at="2019-12-05T20:16:48 IST" finished-at="2019-12-05T20:16:49 IST">
          <reporter-output>
          </reporter-output>
        </test-method> <!-- ValidateUserLoginTest -->
        <test-method status="PASS" signature="getFirstHandleName()[pri:2, instance:AppiumAutomation.AppiumAutomation.InstagramHomePageTestClass@1a1d6a08]" name="getFirstHandleName" duration-ms="226" started-at="2019-12-05T20:16:49 IST" finished-at="2019-12-05T20:16:49 IST">
          <reporter-output>
          </reporter-output>
        </test-method> <!-- getFirstHandleName -->
        <test-method status="PASS" signature="performSearchOnInstagram()[pri:3, instance:AppiumAutomation.AppiumAutomation.InstagramHomePageTestClass@1a1d6a08]" name="performSearchOnInstagram" duration-ms="1448" started-at="2019-12-05T20:16:49 IST" finished-at="2019-12-05T20:16:51 IST">
          <reporter-output>
          </reporter-output>
        </test-method> <!-- performSearchOnInstagram -->
        <test-method status="PASS" signature="checkInstagramNotifications()[pri:4, instance:AppiumAutomation.AppiumAutomation.InstagramHomePageTestClass@1a1d6a08]" name="checkInstagramNotifications" duration-ms="3409" started-at="2019-12-05T20:16:51 IST" finished-at="2019-12-05T20:16:54 IST">
          <reporter-output>
          </reporter-output>
        </test-method> <!-- checkInstagramNotifications -->
        <test-method status="FAIL" signature="openInstagramMessages()[pri:5, instance:AppiumAutomation.AppiumAutomation.InstagramHomePageTestClass@1a1d6a08]" name="openInstagramMessages" duration-ms="20587" started-at="2019-12-05T20:16:54 IST" finished-at="2019-12-05T20:17:15 IST">
          <exception class="org.openqa.selenium.TimeoutException">
            <message>
              <![CDATA[Expected condition failed: waiting for visibility of element located by By.id: com.instagram.android:id/action_bar_inbox_button (tried for 20 second(s) with 500 milliseconds interval)]]>
            </message>
            <full-stacktrace>
              <![CDATA[org.openqa.selenium.TimeoutException: Expected condition failed: waiting for visibility of element located by By.id: com.instagram.android:id/action_bar_inbox_button (tried for 20 second(s) with 500 milliseconds interval)
at org.openqa.selenium.support.ui.WebDriverWait.timeoutException(WebDriverWait.java:95)
at org.openqa.selenium.support.ui.FluentWait.until(FluentWait.java:272)
at AppiumAutomation.AppiumAutomation.InstagramHomePageLogic.OpenMessages(InstagramHomePageLogic.java:48)
at AppiumAutomation.AppiumAutomation.InstagramHomePageTestClass.openInstagramMessages(InstagramHomePageTestClass.java:38)
at sun.reflect.NativeMethodAccessorImpl.invoke0(Native Method)
at sun.reflect.NativeMethodAccessorImpl.invoke(Unknown Source)
at sun.reflect.DelegatingMethodAccessorImpl.invoke(Unknown Source)
at java.lang.reflect.Method.invoke(Unknown Source)
at org.testng.internal.MethodInvocationHelper.invokeMethod(MethodInvocationHelper.java:133)
at org.testng.internal.TestInvoker.invokeMethod(TestInvoker.java:584)
at org.testng.internal.TestInvoker.invokeTestMethod(TestInvoker.java:172)
at org.testng.internal.MethodRunner.runInSequence(MethodRunner.java:46)
at org.testng.internal.TestInvoker$MethodInvocationAgent.invoke(TestInvoker.java:804)
at org.testng.internal.TestInvoker.invokeTestMethods(TestInvoker.java:145)
at org.testng.internal.TestMethodWorker.invokeTestMethods(TestMethodWorker.java:146)
at org.testng.internal.TestMethodWorker.run(TestMethodWorker.java:128)
at java.util.ArrayList.forEach(Unknown Source)
at org.testng.TestRunner.privateRun(TestRunner.java:770)
at org.testng.TestRunner.run(TestRunner.java:591)
at org.testng.SuiteRunner.runTest(SuiteRunner.java:402)
at org.testng.SuiteRunner.runSequentially(SuiteRunner.java:396)
at org.testng.SuiteRunner.privateRun(SuiteRunner.java:355)
at org.testng.SuiteRunner.run(SuiteRunner.java:304)
at org.testng.SuiteRunnerWorker.runSuite(SuiteRunnerWorker.java:53)
at org.testng.SuiteRunnerWorker.run(SuiteRunnerWorker.java:96)
at org.testng.TestNG.runSuitesSequentially(TestNG.java:1180)
at org.testng.TestNG.runSuitesLocally(TestNG.java:1102)
at org.testng.TestNG.runSuites(TestNG.java:1032)
at org.testng.TestNG.run(TestNG.java:1000)
at org.testng.remote.AbstractRemoteTestNG.run(AbstractRemoteTestNG.java:115)
at org.testng.remote.RemoteTestNG.initAndRun(RemoteTestNG.java:251)
at org.testng.remote.RemoteTestNG.main(RemoteTestNG.java:77)
Caused by: org.openqa.selenium.NoSuchElementException: An element could not be located on the page using the given search parameters.
For documentation on this error, please visit: https://www.seleniumhq.org/exceptions/no_such_element.html
Build info: version: '3.141.59', revision: 'e82be7d358', time: '2018-11-14T08:17:03'
System info: host: 'IN-KOMEHTA-W1', ip: '172.28.220.123', os.name: 'Windows 10', os.arch: 'amd64', os.version: '10.0', java.version: '1.8.0_231'
Driver info: io.appium.java_client.android.AndroidDriver
Capabilities {appActivity: com.instagram.mainactivity...., appPackage: com.instagram.android, databaseEnabled: false, desired: {appActivity: com.instagram.mainactivity...., appPackage: com.instagram.android, deviceName: MotoG5s Plus, noReset: true, platformName: android, platformVersion: 8.1.0, udid: ZY322DDKVG}, deviceManufacturer: motorola, deviceModel: Moto G (5S) Plus, deviceName: ZY322DDKVG, deviceScreenSize: 1080x1920, deviceUDID: ZY322DDKVG, javascriptEnabled: true, locationContextEnabled: false, networkConnectionEnabled: true, noReset: true, platform: LINUX, platformName: Android, platformVersion: 8.1.0, takesScreenshot: true, udid: ZY322DDKVG, warnings: {}, webStorageEnabled: false}
Session ID: 103eddc7-2fbb-4e58-acb6-d4c9dfbda98d
*** Element info: {Using=id, value=com.instagram.android:id/action_bar_inbox_button}
at sun.reflect.GeneratedConstructorAccessor13.newInstance(Unknown Source)
at sun.reflect.DelegatingConstructorAccessorImpl.newInstance(Unknown Source)
at java.lang.reflect.Constructor.newInstance(Unknown Source)
at org.openqa.selenium.remote.http.W3CHttpResponseCodec.createException(W3CHttpResponseCodec.java:187)
at org.openqa.selenium.remote.http.W3CHttpResponseCodec.decode(W3CHttpResponseCodec.java:122)
at org.openqa.selenium.remote.http.W3CHttpResponseCodec.decode(W3CHttpResponseCodec.java:49)
at org.openqa.selenium.remote.HttpCommandExecutor.execute(HttpCommandExecutor.java:158)
at io.appium.java_client.remote.AppiumCommandExecutor.execute(AppiumCommandExecutor.java:239)
at org.openqa.selenium.remote.RemoteWebDriver.execute(RemoteWebDriver.java:552)
at io.appium.java_client.DefaultGenericMobileDriver.execute(DefaultGenericMobileDriver.java:41)
at io.appium.java_client.AppiumDriver.execute(AppiumDriver.java:1)
at io.appium.java_client.android.AndroidDriver.execute(AndroidDriver.java:1)
at org.openqa.selenium.remote.RemoteWebDriver.findElement(RemoteWebDriver.java:323)
at io.appium.java_client.DefaultGenericMobileDriver.findElement(DefaultGenericMobileDriver.java:61)
at io.appium.java_client.AppiumDriver.findElement(AppiumDriver.java:1)
at io.appium.java_client.android.AndroidDriver.findElement(AndroidDriver.java:1)
at org.openqa.selenium.remote.RemoteWebDriver.findElementById(RemoteWebDriver.java:372)
at io.appium.java_client.DefaultGenericMobileDriver.findElementById(DefaultGenericMobileDriver.java:69)
at io.appium.java_client.AppiumDriver.findElementById(AppiumDriver.java:1)
at io.appium.java_client.android.AndroidDriver.findElementById(AndroidDriver.java:1)
at org.openqa.selenium.By$ById.findElement(By.java:188)
at org.openqa.selenium.remote.RemoteWebDriver.findElement(RemoteWebDriver.java:315)
at io.appium.java_client.DefaultGenericMobileDriver.findElement(DefaultGenericMobileDriver.java:57)
at io.appium.java_client.AppiumDriver.findElement(AppiumDriver.java:1)
at io.appium.java_client.android.AndroidDriver.findElement(AndroidDriver.java:1)
at org.openqa.selenium.support.ui.ExpectedConditions$7.apply(ExpectedConditions.java:205)
at org.openqa.selenium.support.ui.ExpectedConditions$7.apply(ExpectedConditions.java:201)
at org.openqa.selenium.support.ui.FluentWait.until(FluentWait.java:249)
... 30 more
]]>
            </full-stacktrace>
          </exception> <!-- org.openqa.selenium.TimeoutException -->
          <reporter-output>
          </reporter-output>
        </test-method> <!-- openInstagramMessages -->
        <test-method status="PASS" signature="opneUserProfile()[pri:6, instance:AppiumAutomation.AppiumAutomation.InstagramHomePageTestClass@1a1d6a08]" name="opneUserProfile" duration-ms="3073" started-at="2019-12-05T20:17:15 IST" finished-at="2019-12-05T20:17:18 IST">
          <reporter-output>
          </reporter-output>
        </test-method> <!-- opneUserProfile -->
        <test-method status="PASS" signature="driverTearDown()[pri:0, instance:AppiumAutomation.AppiumAutomation.InstagramHomePageTestClass@1a1d6a08]" name="driverTearDown" is-config="true" duration-ms="5422" started-at="2019-12-05T20:17:18 IST" finished-at="2019-12-05T20:17:24 IST">
          <reporter-output>
          </reporter-output>
        </test-method> <!-- driverTearDown -->
      </class> <!-- AppiumAutomation.AppiumAutomation.InstagramHomePageTestClass -->
    </test> <!-- Default test -->
  </suite> <!-- Default suite -->
</testng-results>
